<?xml version="1.0" encoding="UTF-8"?>
<testng-results total="1" passed="1" failed="0" skipped="0">
  <reporter-output>
  </reporter-output>
  <suite started-at="2019-11-08T07:02:39Z" name="Default suite" finished-at="2019-11-08T07:03:08Z" duration-ms="29383">
    <groups>
    </groups>
    <test started-at="2019-11-08T07:02:39Z" name="Default test" finished-at="2019-11-08T07:03:08Z" duration-ms="29383">
      <class name="cpsat_challenge2.Exercise2">
        <test-method signature="initialSetup()[pri:0, instance:cpsat_challenge2.Exercise2@3b07a0d6]" started-at="2019-11-08T12:32:39Z" name="initialSetup" finished-at="2019-11-08T12:33:08Z" duration-ms="29366" status="PASS">
          <reporter-output>
          </reporter-output>
        </test-method> <!-- initialSetup -->
      </class> <!-- cpsat_challenge2.Exercise2 -->
    </test> <!-- Default test -->
  </suite> <!-- Default suite -->
</testng-results>
